<?xml version="1.0" encoding="UTF-8"?>
<!-- Generated by org.testng.reporters.JUnitReportReporter -->
<testsuite hostname="LAPTOP-2JGJMHUL" failures="0" tests="2" name="Automation_Abdul.SeleniumFramework.ErrorVerificationTest" time="14.428" errors="0" timestamp="2024-12-31T15:47:55 SGT" skipped="0">
  <testcase classname="Automation_Abdul.SeleniumFramework.ErrorVerificationTest" name="checkOrderList" time="7.762"/>
  <testcase classname="Automation_Abdul.SeleniumFramework.ErrorVerificationTest" name="emailValidation" time="6.666"/>
</testsuite> <!-- Automation_Abdul.SeleniumFramework.ErrorVerificationTest -->
