<?xml version="1.0" encoding="UTF-8"?>
<!-- Generated by org.testng.reporters.JUnitReportReporter -->
<testsuite hostname="LAPTOP-2JGJMHUL" failures="0" tests="1" name="cucumber.TestNGTestRunner" time="6.539" errors="0" timestamp="2024-12-19T15:46:07 SGT" skipped="0">
  <testcase classname="cucumber.TestNGTestRunner" name="runScenario" time="6.539"/>
</testsuite> <!-- cucumber.TestNGTestRunner -->
