<?xml version="1.0" encoding="UTF-8"?>
<!-- Generated by org.testng.reporters.JUnitReportReporter -->
<testsuite hostname="LAPTOP-2JGJMHUL" failures="0" tests="2" name="Automation_Abdul.SeleniumFramework.ErrorVerificationTest" time="13.674" errors="0" timestamp="2024-12-31T15:46:53 SGT" skipped="0">
  <testcase classname="Automation_Abdul.SeleniumFramework.ErrorVerificationTest" name="checkOrderList" time="7.258"/>
  <system-out/>
  <testcase classname="Automation_Abdul.SeleniumFramework.ErrorVerificationTest" name="emailValidation" time="6.416"/>
  <system-out/>
</testsuite> <!-- Automation_Abdul.SeleniumFramework.ErrorVerificationTest -->
