<?xml version="1.0" encoding="UTF-8"?>
<!-- Generated by org.testng.reporters.JUnitReportReporter -->
<testsuite hostname="LAPTOP-2JGJMHUL" failures="0" tests="1" name="cucumber.TestNGTestRunner" time="7.368" errors="0" timestamp="2024-12-31T15:29:10 SGT" skipped="0">
  <testcase classname="cucumber.TestNGTestRunner" name="runScenario" time="7.368"/>
  <system-out/>
</testsuite> <!-- cucumber.TestNGTestRunner -->
