<?xml version="1.0" encoding="UTF-8"?>
<!-- Generated by org.testng.reporters.JUnitReportReporter -->
<testsuite hostname="LAPTOP-2JGJMHUL" failures="0" tests="1" name="Automation_Abdul.SeleniumFramework.Framework1" time="11.945" errors="0" timestamp="2024-12-31T15:46:53 SGT" skipped="0">
  <testcase classname="Automation_Abdul.SeleniumFramework.Framework1" name="PlaceOrder" time="11.945"/>
  <system-out/>
</testsuite> <!-- Automation_Abdul.SeleniumFramework.Framework1 -->
